<?xml version="1.0" encoding="UTF-8"?>
<testng-results ignored="0" total="1" passed="1" failed="0" skipped="0">
  <reporter-output>
  </reporter-output>
  <suite started-at="2023-08-22T23:31:12 IST" name="PRACTICE" finished-at="2023-08-22T23:31:16 IST" duration-ms="4123">
    <groups>
    </groups>
    <test started-at="2023-08-22T23:31:12 IST" name="Test" finished-at="2023-08-22T23:31:16 IST" duration-ms="4123">
      <class name="RahulShettyAcademyTestScript.TestNG_Demo">
        <test-method signature="launchUrl()[pri:0, instance:RahulShettyAcademyTestScript.TestNG_Demo@3a44431a]" started-at="2023-08-22T23:31:12 IST" name="launchUrl" finished-at="2023-08-22T23:31:16 IST" duration-ms="4094" status="PASS">
          <reporter-output>
          </reporter-output>
        </test-method> <!-- launchUrl -->
      </class> <!-- RahulShettyAcademyTestScript.TestNG_Demo -->
    </test> <!-- Test -->
  </suite> <!-- PRACTICE -->
</testng-results>
